<?xml version="1.0" encoding="UTF-8"?>
<!-- Generated by org.testng.reporters.JUnitReportReporter -->
<testsuite hostname="DESKTOP-87FN6Q3" failures="0" tests="1" name="Selenium.SeleniumProject.TestString" time="0.050" errors="0" timestamp="08 May 2024 07:19:44 GMT" skipped="0">
  <testcase classname="Selenium.SeleniumProject.TestString" name="m2" time="0.050"/>
</testsuite> <!-- Selenium.SeleniumProject.TestString -->
