<?xml version="1.0" encoding="UTF-8"?>
<!-- Generated by org.testng.reporters.JUnitReportReporter -->
<testsuite hostname="DESKTOP-87FN6Q3" failures="0" tests="2" name="Selenium.SeleniumProject.NewTest2" time="0.015" errors="0" timestamp="21 Apr 2024 16:34:19 GMT" skipped="0">
  <testcase classname="Selenium.SeleniumProject.NewTest2" name="f3" time="0.006"/>
  <testcase classname="Selenium.SeleniumProject.NewTest2" name="f2" time="0.009"/>
</testsuite> <!-- Selenium.SeleniumProject.NewTest2 -->
