<?xml version="1.0" encoding="UTF-8"?>
<!-- Generated by org.testng.reporters.JUnitReportReporter -->
<testsuite hostname="DESKTOP-87FN6Q3" failures="0" tests="1" name="Selenium.SeleniumProject.super2" time="0.016" errors="0" timestamp="21 Apr 2024 15:40:41 GMT" skipped="0">
  <testcase classname="Selenium.SeleniumProject.super2" name="m2" time="0.016"/>
</testsuite> <!-- Selenium.SeleniumProject.super2 -->
