<?xml version="1.0" encoding="UTF-8"?>
<!-- Generated by org.testng.reporters.JUnitReportReporter -->
<testsuite hostname="DESKTOP-87FN6Q3" failures="0" tests="2" name="Selenium.SeleniumProject.sample" time="0.021" errors="0" timestamp="29 Apr 2024 10:45:46 GMT" skipped="0">
  <testcase classname="Selenium.SeleniumProject.sample" name="nn" time="0.003"/>
  <testcase classname="Selenium.SeleniumProject.sample" name="nn" time="0.018"/>
</testsuite> <!-- Selenium.SeleniumProject.sample -->
