<?xml version="1.0" encoding="UTF-8"?>
<!-- Generated by org.testng.reporters.JUnitReportReporter -->
<testsuite hostname="DESKTOP-87FN6Q3" failures="0" tests="1" name="Selenium.SeleniumProject.sample2" time="0.029" errors="0" timestamp="25 Apr 2024 07:17:38 GMT" skipped="0">
  <testcase classname="Selenium.SeleniumProject.sample2" name="m3" time="0.029"/>
</testsuite> <!-- Selenium.SeleniumProject.sample2 -->
