<?xml version="1.0" encoding="UTF-8"?>
<!-- Generated by org.testng.reporters.JUnitReportReporter -->
<testsuite hostname="DESKTOP-87FN6Q3" failures="0" tests="1" name="Selenium.SeleniumProject.ExceptionClass" time="0.021" errors="0" timestamp="2024-03-22T22:48:12 IST" skipped="0">
  <testcase classname="Selenium.SeleniumProject.ExceptionClass" name="dupwords" time="0.021"/>
</testsuite> <!-- Selenium.SeleniumProject.ExceptionClass -->
