<?xml version="1.0" encoding="UTF-8"?>
<!-- Generated by org.testng.reporters.JUnitReportReporter -->
<testsuite hostname="DESKTOP-87FN6Q3" failures="0" tests="1" name="Selenium.SeleniumProject.Test1" time="0.210" errors="0" timestamp="25 Apr 2024 10:38:02 GMT" skipped="0">
  <testcase classname="Selenium.SeleniumProject.Test1" name="exce" time="0.210"/>
</testsuite> <!-- Selenium.SeleniumProject.Test1 -->
