<?xml version="1.0" encoding="UTF-8"?>
<!-- Generated by org.testng.reporters.JUnitReportReporter -->
<testsuite hostname="DESKTOP-87FN6Q3" failures="0" tests="3" name="Selenium.SeleniumProject.Pratice" time="0.071" errors="0" timestamp="30 Apr 2024 07:44:18 GMT" skipped="0">
  <testcase classname="Selenium.SeleniumProject.Pratice" name="dupArray" time="0.047"/>
  <testcase classname="Selenium.SeleniumProject.Pratice" name="prime" time="0.006"/>
  <testcase classname="Selenium.SeleniumProject.Pratice" name="palindrome" time="0.018"/>
</testsuite> <!-- Selenium.SeleniumProject.Pratice -->
