<?xml version="1.0" encoding="UTF-8"?>
<!-- Generated by org.testng.reporters.JUnitReportReporter -->
<testsuite hostname="DESKTOP-87FN6Q3" failures="0" tests="1" name="Selenium.SeleniumProject.Test22" time="0.031" errors="0" timestamp="06 May 2024 13:22:01 GMT" skipped="0">
  <testcase classname="Selenium.SeleniumProject.Test22" name="m3" time="0.031"/>
</testsuite> <!-- Selenium.SeleniumProject.Test22 -->
