<?xml version="1.0" encoding="UTF-8"?>
<!-- Generated by org.testng.reporters.JUnitReportReporter -->
<testsuite hostname="DESKTOP-87FN6Q3" failures="0" tests="1" name="Selenium.SeleniumProject.Excel" time="1.235" errors="0" timestamp="14 Apr 2024 15:40:44 GMT" skipped="0">
  <testcase classname="Selenium.SeleniumProject.Excel" name="getdata" time="1.235"/>
</testsuite> <!-- Selenium.SeleniumProject.Excel -->
