<?xml version="1.0" encoding="UTF-8"?>
<!-- Generated by org.testng.reporters.JUnitReportReporter -->
<testsuite hostname="DESKTOP-87FN6Q3" failures="0" tests="2" name="Selenium.SeleniumProject.NewTest" time="0.014" errors="0" timestamp="15 Sep 2024 14:14:58 GMT" skipped="0">
  <testcase classname="Selenium.SeleniumProject.NewTest" name="f" time="0.011"/>
  <testcase classname="Selenium.SeleniumProject.NewTest" name="f1" time="0.003"/>
</testsuite> <!-- Selenium.SeleniumProject.NewTest -->
